#
# There is insufficient memory for the Java Runtime Environment to continue.
# Native memory allocation (mmap) failed to map 130023424 bytes. Error detail: G1 virtual space
# Possible reasons:
#   The system is out of physical RAM or swap space
#   This process is running with CompressedOops enabled, and the Java Heap may be blocking the growth of the native heap
# Possible solutions:
#   Reduce memory load on the system
#   Increase physical memory or swap space
#   Check if swap backing store is full
#   Decrease Java heap size (-Xmx/-Xms)
#   Decrease number of Java threads
#   Decrease Java thread stack sizes (-Xss)
#   Set larger code cache with -XX:ReservedCodeCacheSize=
#   JVM is running with Unscaled Compressed Oops mode in which the Java heap is
#     placed in the first 4GB address space. The Java Heap base address is the
#     maximum limit for the native heap growth. Please use -XX:HeapBaseMinAddress
#     to set the Java Heap base and to place the Java Heap above 4GB virtual address.
# This output file may be truncated or incomplete.
#
#  Out of Memory Error (os_windows.cpp:3825), pid=24056, tid=1164
#
# JRE version:  (17.0.11+1) (build )
# Java VM: OpenJDK 64-Bit Server VM (17.0.11+1-b1207.24, mixed mode, sharing, tiered, compressed oops, compressed class ptrs, g1 gc, windows-amd64)
# No core dump will be written. Minidumps are not enabled by default on client versions of Windows
#

---------------  S U M M A R Y ------------

Command Line: git4idea.http.GitAskPassApp Username for 'https://github.com': 

Host: 11th Gen Intel(R) Core(TM) i5-1135G7 @ 2.40GHz, 8 cores, 7G,  Windows 11 , 64 bit Build 22621 (10.0.22621.3374)
Time: Sat Jul  6 13:35:25 2024 India Standard Time elapsed time: 0.008379 seconds (0d 0h 0m 0s)

---------------  T H R E A D  ---------------

Current thread (0x0000017a13f2d3e0):  JavaThread "Unknown thread" [_thread_in_vm, id=1164, stack(0x00000056fad00000,0x00000056fae00000)]

Stack: [0x00000056fad00000,0x00000056fae00000]
Native frames: (J=compiled Java code, j=interpreted, Vv=VM code, C=native code)
V  [jvm.dll+0x6877f9]
V  [jvm.dll+0x8411aa]
V  [jvm.dll+0x842e2e]
V  [jvm.dll+0x843493]
V  [jvm.dll+0x249fdf]
V  [jvm.dll+0x6845c9]
V  [jvm.dll+0x678e7a]
V  [jvm.dll+0x30ab4b]
V  [jvm.dll+0x311ff6]
V  [jvm.dll+0x361a5e]
V  [jvm.dll+0x361c8f]
V  [jvm.dll+0x2e0978]
V  [jvm.dll+0x2e18e4]
V  [jvm.dll+0x811c71]
V  [jvm.dll+0x36f7c8]
V  [jvm.dll+0x7f05f6]
V  [jvm.dll+0x3f398f]
V  [jvm.dll+0x3f5541]
C  [jli.dll+0x528f]
C  [ucrtbase.dll+0x29333]
C  [KERNEL32.DLL+0x1257d]
C  [ntdll.dll+0x5aa48]


---------------  P R O C E S S  ---------------

Threads class SMR info:
_java_thread_list=0x00007ff95ea0efd8, length=0, elements={
}

Java Threads: ( => current thread )

Other Threads:
  0x0000017a13f86510 GCTaskThread "GC Thread#0" [stack: 0x00000056fae00000,0x00000056faf00000] [id=20684]
  0x0000017a13f97b00 ConcurrentGCThread "G1 Main Marker" [stack: 0x00000056faf00000,0x00000056fb000000] [id=14940]
  0x0000017a13f98430 ConcurrentGCThread "G1 Conc#0" [stack: 0x00000056fb000000,0x00000056fb100000] [id=14152]

[error occurred during error reporting (printing all threads), id 0xc0000005, EXCEPTION_ACCESS_VIOLATION (0xc0000005) at pc=0x00007ff95e1c1547]

VM state: not at safepoint (not fully initialized)

VM Mutex/Monitor currently owned by a thread:  ([mutex/lock_event])
[0x0000017a13f26cb0] Heap_lock - owner thread: 0x0000017a13f2d3e0

Heap address: 0x0000000084400000, size: 1980 MB, Compressed Oops mode: 32-bit

CDS archive(s) mapped at: [0x0000000000000000-0x0000000000000000-0x0000000000000000), size 0, SharedBaseAddress: 0x0000000800000000, ArchiveRelocationMode: 1.
Narrow klass base: 0x0000000000000000, Narrow klass shift: 0, Narrow klass range: 0x0

GC Precious Log:
<Empty>

Heap:
 garbage-first heap   total 0K, used 0K [0x0000000084400000, 0x0000000100000000)
  region size 1024K, 0 young (0K), 0 survivors (0K)
 Metaspace       used 0K, committed 0K, reserved 0K
  class space    used 0K, committed 0K, reserved 0K

Heap Regions: E=young(eden), S=young(survivor), O=old, HS=humongous(starts), HC=humongous(continues), CS=collection set, F=free, OA=open archive, CA=closed archive, TAMS=top-at-mark-start (previous, next)

Card table byte_map: [0x0000017a26dc0000,0x0000017a271a0000] _byte_map_base: 0x0000017a2699e000

Marking Bits (Prev, Next): (CMBitMap*) 0x0000017a13f86a40, (CMBitMap*) 0x0000017a13f86a80
 Prev Bits: [0x0000017a27580000, 0x0000017a29470000)
 Next Bits: [0x0000017a29470000, 0x0000017a2b360000)

GC Heap History (0 events):
No events

Dll operation events (1 events):
Event: 0.005 Loaded shared library C:\Program Files\JetBrains\IntelliJ IDEA Community Edition 2024.1.4\jbr\bin\java.dll

Deoptimization events (0 events):
No events

Classes unloaded (0 events):
No events

Classes redefined (0 events):
No events

Internal exceptions (0 events):
No events

VM Operations (0 events):
No events

Events (0 events):
No events


Dynamic libraries:
0x00007ff6fb490000 - 0x00007ff6fb49a000 	C:\Program Files\JetBrains\IntelliJ IDEA Community Edition 2024.1.4\jbr\bin\java.exe
0x00007ff9bc6f0000 - 0x00007ff9bc906000 	C:\Windows\SYSTEM32\ntdll.dll
0x00007ff9bb130000 - 0x00007ff9bb1f4000 	C:\Windows\System32\KERNEL32.DLL
0x00007ff9b9ad0000 - 0x00007ff9b9e77000 	C:\Windows\System32\KERNELBASE.dll
0x00007ff9b9f50000 - 0x00007ff9ba061000 	C:\Windows\System32\ucrtbase.dll
0x00007ff9a3480000 - 0x00007ff9a3497000 	C:\Program Files\JetBrains\IntelliJ IDEA Community Edition 2024.1.4\jbr\bin\jli.dll
0x00007ff9bb920000 - 0x00007ff9bbace000 	C:\Windows\System32\USER32.dll
0x00007ff969350000 - 0x00007ff96936b000 	C:\Program Files\JetBrains\IntelliJ IDEA Community Edition 2024.1.4\jbr\bin\VCRUNTIME140.dll
0x00007ff9b9f20000 - 0x00007ff9b9f46000 	C:\Windows\System32\win32u.dll
0x00007ff9a9d30000 - 0x00007ff9a9fc3000 	C:\Windows\WinSxS\amd64_microsoft.windows.common-controls_6595b64144ccf1df_6.0.22621.3235_none_270f74e173860f98\COMCTL32.dll
0x00007ff9bc680000 - 0x00007ff9bc6a9000 	C:\Windows\System32\GDI32.dll
0x00007ff9bb080000 - 0x00007ff9bb127000 	C:\Windows\System32\msvcrt.dll
0x00007ff9ba210000 - 0x00007ff9ba329000 	C:\Windows\System32\gdi32full.dll
0x00007ff9b9e80000 - 0x00007ff9b9f1a000 	C:\Windows\System32\msvcp_win.dll
0x00007ff9ba680000 - 0x00007ff9ba6b1000 	C:\Windows\System32\IMM32.DLL
0x00007ff9aeaf0000 - 0x00007ff9aeafc000 	C:\Program Files\JetBrains\IntelliJ IDEA Community Edition 2024.1.4\jbr\bin\vcruntime140_1.dll
0x00007ff947a70000 - 0x00007ff947afd000 	C:\Program Files\JetBrains\IntelliJ IDEA Community Edition 2024.1.4\jbr\bin\msvcp140.dll
0x00007ff95ded0000 - 0x00007ff95eb53000 	C:\Program Files\JetBrains\IntelliJ IDEA Community Edition 2024.1.4\jbr\bin\server\jvm.dll
0x00007ff9bb200000 - 0x00007ff9bb2b2000 	C:\Windows\System32\ADVAPI32.dll
0x00007ff9ba6d0000 - 0x00007ff9ba778000 	C:\Windows\System32\sechost.dll
0x00007ff9ba1e0000 - 0x00007ff9ba208000 	C:\Windows\System32\bcrypt.dll
0x00007ff9ba500000 - 0x00007ff9ba615000 	C:\Windows\System32\RPCRT4.dll
0x00007ff9b6830000 - 0x00007ff9b6839000 	C:\Windows\SYSTEM32\WSOCK32.dll
0x00007ff9aff90000 - 0x00007ff9affc4000 	C:\Windows\SYSTEM32\WINMM.dll
0x00007ff9b98e0000 - 0x00007ff9b992d000 	C:\Windows\SYSTEM32\POWRPROF.dll
0x00007ff9a9570000 - 0x00007ff9a957a000 	C:\Windows\SYSTEM32\VERSION.dll
0x00007ff9bc590000 - 0x00007ff9bc601000 	C:\Windows\System32\WS2_32.dll
0x00007ff9b98c0000 - 0x00007ff9b98d3000 	C:\Windows\SYSTEM32\UMPDC.dll
0x00007ff9b8a20000 - 0x00007ff9b8a38000 	C:\Windows\SYSTEM32\kernel.appcore.dll
0x00007ff9b3620000 - 0x00007ff9b362a000 	C:\Program Files\JetBrains\IntelliJ IDEA Community Edition 2024.1.4\jbr\bin\jimage.dll
0x00007ff9b70f0000 - 0x00007ff9b7323000 	C:\Windows\SYSTEM32\DBGHELP.DLL
0x00007ff9ba880000 - 0x00007ff9bac08000 	C:\Windows\System32\combase.dll
0x00007ff9ba420000 - 0x00007ff9ba4f7000 	C:\Windows\System32\OLEAUT32.dll
0x00007ff99b490000 - 0x00007ff99b4c2000 	C:\Windows\SYSTEM32\dbgcore.DLL
0x00007ff9ba3a0000 - 0x00007ff9ba419000 	C:\Windows\System32\bcryptPrimitives.dll
0x00007ff9b3280000 - 0x00007ff9b32a5000 	C:\Program Files\JetBrains\IntelliJ IDEA Community Edition 2024.1.4\jbr\bin\java.dll

dbghelp: loaded successfully - version: 4.0.5 - missing functions: none
symbol engine: initialized successfully - sym options: 0x614 - pdb path: .;C:\Program Files\JetBrains\IntelliJ IDEA Community Edition 2024.1.4\jbr\bin;C:\Windows\SYSTEM32;C:\Windows\WinSxS\amd64_microsoft.windows.common-controls_6595b64144ccf1df_6.0.22621.3235_none_270f74e173860f98;C:\Program Files\JetBrains\IntelliJ IDEA Community Edition 2024.1.4\jbr\bin\server

VM Arguments:
java_command: git4idea.http.GitAskPassApp Username for 'https://github.com': 
java_class_path (initial): C:/Program Files/JetBrains/IntelliJ IDEA Community Edition 2024.1.4/plugins/vcs-git/lib/git4idea-rt.jar;C:/Program Files/JetBrains/IntelliJ IDEA Community Edition 2024.1.4/lib/externalProcess-rt.jar
Launcher Type: SUN_STANDARD

[Global flags]
     intx CICompilerCount                          = 4                                         {product} {ergonomic}
     uint ConcGCThreads                            = 2                                         {product} {ergonomic}
     uint G1ConcRefinementThreads                  = 8                                         {product} {ergonomic}
   size_t G1HeapRegionSize                         = 1048576                                   {product} {ergonomic}
    uintx GCDrainStackTargetSize                   = 64                                        {product} {ergonomic}
   size_t InitialHeapSize                          = 130023424                                 {product} {ergonomic}
   size_t MarkStackSize                            = 4194304                                   {product} {ergonomic}
   size_t MaxHeapSize                              = 2076180480                                {product} {ergonomic}
   size_t MinHeapDeltaBytes                        = 1048576                                   {product} {ergonomic}
   size_t MinHeapSize                              = 8388608                                   {product} {ergonomic}
    uintx NonNMethodCodeHeapSize                   = 5839372                                {pd product} {ergonomic}
    uintx NonProfiledCodeHeapSize                  = 122909434                              {pd product} {ergonomic}
    uintx ProfiledCodeHeapSize                     = 122909434                              {pd product} {ergonomic}
    uintx ReservedCodeCacheSize                    = 251658240                              {pd product} {ergonomic}
     bool SegmentedCodeCache                       = true                                      {product} {ergonomic}
   size_t SoftMaxHeapSize                          = 2076180480                             {manageable} {ergonomic}
     bool UseCompressedClassPointers               = true                           {product lp64_product} {ergonomic}
     bool UseCompressedOops                        = true                           {product lp64_product} {ergonomic}
     bool UseG1GC                                  = true                                      {product} {ergonomic}
     bool UseLargePagesIndividualAllocation        = false                                  {pd product} {ergonomic}

Logging:
Log output configuration:
 #0: stdout all=warning uptime,level,tags
 #1: stderr all=off uptime,level,tags

Environment Variables:
PATH=C:\Program Files\Git\mingw64\libexec\git-core;C:\Program Files\Git\mingw64\libexec\git-core;C:\Program Files\Git\mingw64\bin;C:\Program Files\Git\usr\bin;C:\Users\trapt\bin;C:\Program Files\Common Files\Oracle\Java\javapath;C:\Windows\system32;C:\Windows;C:\Windows\System32\Wbem;C:\Windows\System32\WindowsPowerShell\v1.0;C:\Windows\System32\OpenSSH;C:\Program Files\dotnet;C:\Program Files\Git\cmd;C:\Users\trapt\AppData\Local\Microsoft\WindowsApps;C:\Users\trapt\AppData\Local\Programs\Microsoft VS Code\bin;C:\Program Files\JetBrains\IntelliJ IDEA Community Edition 2024.1.3\bin
USERNAME=trapt
DISPLAY=:0.0
LC_ALL=en_US.UTF-8
TERM=xterm-256color
TMPDIR=C:\Users\trapt\AppData\Local\Temp
OS=Windows_NT
PROCESSOR_IDENTIFIER=Intel64 Family 6 Model 140 Stepping 1, GenuineIntel
TMP=C:\Users\trapt\AppData\Local\Temp
TEMP=C:\Users\trapt\AppData\Local\Temp



Periodic native trim disabled

JNI global refs:
JNI global refs: 0, weak refs: 0

JNI global refs memory usage: 0, weak refs: 0

Process memory usage:
Resident Set Size: 11564K (0% of 8104744K total physical memory with 1109924K free physical memory)

OOME stack traces (most recent first):
Classloader memory used:


---------------  S Y S T E M  ---------------

OS:
 Windows 11 , 64 bit Build 22621 (10.0.22621.3374)
OS uptime: 21 days 23:21 hours
Hyper-V role detected

CPU: total 8 (initial active 8) (4 cores per cpu, 2 threads per core) family 6 model 140 stepping 1 microcode 0xb4, cx8, cmov, fxsr, ht, mmx, 3dnowpref, sse, sse2, sse3, ssse3, sse4.1, sse4.2, popcnt, lzcnt, tsc, tscinvbit, avx, avx2, aes, erms, clmul, bmi1, bmi2, adx, avx512f, avx512dq, avx512cd, avx512bw, avx512vl, sha, fma, vzeroupper, avx512_vpopcntdq, avx512_vpclmulqdq, avx512_vaes, avx512_vnni, clflush, clflushopt, clwb, avx512_vbmi2, avx512_vbmi, hv
Processor Information for processor 0
  Max Mhz: 2419, Current Mhz: 2419, Mhz Limit: 2419
Processor Information for processor 1
  Max Mhz: 2419, Current Mhz: 2419, Mhz Limit: 2419
Processor Information for processor 2
  Max Mhz: 2419, Current Mhz: 2419, Mhz Limit: 2419
Processor Information for processor 3
  Max Mhz: 2419, Current Mhz: 2419, Mhz Limit: 2419
Processor Information for processor 4
  Max Mhz: 2419, Current Mhz: 2419, Mhz Limit: 2419
Processor Information for processor 5
  Max Mhz: 2419, Current Mhz: 2419, Mhz Limit: 2419
Processor Information for processor 6
  Max Mhz: 2419, Current Mhz: 2419, Mhz Limit: 2419
Processor Information for processor 7
  Max Mhz: 2419, Current Mhz: 1209, Mhz Limit: 2419

Memory: 4k page, system-wide physical 7914M (1083M free)
TotalPageFile size 7914M (AvailPageFile size 85M)
current process WorkingSet (physical memory assigned to process): 11M, peak: 11M
current process commit charge ("private bytes"): 60M, peak: 184M

vm_info: OpenJDK 64-Bit Server VM (17.0.11+1-b1207.24) for windows-amd64 JRE (17.0.11+1-b1207.24), built on 2024-05-15 by "builduser" with MS VC++ 16.10 / 16.11 (VS2019)

END.
