#
# There is insufficient memory for the Java Runtime Environment to continue.
# Native memory allocation (mmap) failed to map 130023424 bytes. Error detail: G1 virtual space
# Possible reasons:
#   The system is out of physical RAM or swap space
#   This process is running with CompressedOops enabled, and the Java Heap may be blocking the growth of the native heap
# Possible solutions:
#   Reduce memory load on the system
#   Increase physical memory or swap space
#   Check if swap backing store is full
#   Decrease Java heap size (-Xmx/-Xms)
#   Decrease number of Java threads
#   Decrease Java thread stack sizes (-Xss)
#   Set larger code cache with -XX:ReservedCodeCacheSize=
#   JVM is running with Unscaled Compressed Oops mode in which the Java heap is
#     placed in the first 4GB address space. The Java Heap base address is the
#     maximum limit for the native heap growth. Please use -XX:HeapBaseMinAddress
#     to set the Java Heap base and to place the Java Heap above 4GB virtual address.
# This output file may be truncated or incomplete.
#
#  Out of Memory Error (os_windows.cpp:3631), pid=17628, tid=18488
#
# JRE version:  (22.0.1+8) (build )
# Java VM: Java HotSpot(TM) 64-Bit Server VM (22.0.1+8-16, mixed mode, sharing, tiered, compressed oops, compressed class ptrs, g1 gc, windows-amd64)
# No core dump will be written. Minidumps are not enabled by default on client versions of Windows
#

---------------  S U M M A R Y ------------

Command Line: -javaagent:C:\Program Files\JetBrains\IntelliJ IDEA Community Edition 2024.1.3\lib\idea_rt.jar=61064:C:\Program Files\JetBrains\IntelliJ IDEA Community Edition 2024.1.3\bin -Dfile.encoding=UTF-8 -Dsun.stdout.encoding=UTF-8 -Dsun.stderr.encoding=UTF-8 Main

Host: 11th Gen Intel(R) Core(TM) i5-1135G7 @ 2.40GHz, 8 cores, 7G,  Windows 11 , 64 bit Build 22621 (10.0.22621.3374)
Time: Thu Jun 20 22:56:53 2024 India Standard Time elapsed time: 0.018187 seconds (0d 0h 0m 0s)

---------------  T H R E A D  ---------------

Current thread (0x000001b565d80580):  JavaThread "Unknown thread" [_thread_in_vm, id=18488, stack(0x0000008412c00000,0x0000008412d00000) (1024K)]

Stack: [0x0000008412c00000,0x0000008412d00000]
Native frames: (J=compiled Java code, j=interpreted, Vv=VM code, C=native code)
V  [jvm.dll+0x6e2279]  (no source info available)
V  [jvm.dll+0x874e33]  (no source info available)
V  [jvm.dll+0x87725e]  (no source info available)
V  [jvm.dll+0x877933]  (no source info available)
V  [jvm.dll+0x27fd76]  (no source info available)
V  [jvm.dll+0x6de915]  (no source info available)
V  [jvm.dll+0x6d341a]  (no source info available)
V  [jvm.dll+0x3589da]  (no source info available)
V  [jvm.dll+0x360f06]  (no source info available)
V  [jvm.dll+0x3b3e2e]  (no source info available)
V  [jvm.dll+0x3b40d8]  (no source info available)
V  [jvm.dll+0x32c59c]  (no source info available)
V  [jvm.dll+0x32d158]  (no source info available)
V  [jvm.dll+0x83ccdc]  (no source info available)
V  [jvm.dll+0x3c0d71]  (no source info available)
V  [jvm.dll+0x825ccc]  (no source info available)
V  [jvm.dll+0x45b8fe]  (no source info available)
V  [jvm.dll+0x45d781]  (no source info available)
C  [jli.dll+0x52a3]  (no source info available)
C  [ucrtbase.dll+0x29333]  (no source info available)
C  [KERNEL32.DLL+0x1257d]  (no source info available)
C  [ntdll.dll+0x5aa48]  (no source info available)


---------------  P R O C E S S  ---------------

Threads class SMR info:
_java_thread_list=0x00007ff94c61b1c8, length=0, elements={
}

Java Threads: ( => current thread )
Total: 0

Other Threads:
  0x000001b567e8e0f0 WorkerThread "GC Thread#0"                     [id=23104, stack(0x0000008412d00000,0x0000008412e00000) (1024K)]
  0x000001b567e9f780 ConcurrentGCThread "G1 Main Marker"            [id=11296, stack(0x0000008412e00000,0x0000008412f00000) (1024K)]
  0x000001b567ea0350 WorkerThread "G1 Conc#0"                       [id=20320, stack(0x0000008412f00000,0x0000008413000000) (1024K)]

[error occurred during error reporting (printing all threads), id 0xc0000005, EXCEPTION_ACCESS_VIOLATION (0xc0000005) at pc=0x00007ff94bd6f367]
VM state: not at safepoint (not fully initialized)

VM Mutex/Monitor currently owned by a thread:  ([mutex/lock_event])
[0x00007ff94c69bcb8] Heap_lock - owner thread: 0x000001b565d80580

Heap address: 0x0000000084400000, size: 1980 MB, Compressed Oops mode: 32-bit

CDS archive(s) mapped at: [0x0000000000000000-0x0000000000000000-0x0000000000000000), size 0, SharedBaseAddress: 0x0000000800000000, ArchiveRelocationMode: 1.
Narrow klass base: 0x0000000000000000, Narrow klass shift: 0, Narrow klass range: 0x0

GC Precious Log:
 CardTable entry size: 512
 Card Set container configuration: InlinePtr #cards 5 size 8 Array Of Cards #cards 12 size 40 Howl #buckets 4 coarsen threshold 1843 Howl Bitmap #cards 512 size 80 coarsen threshold 460 Card regions per heap region 1 cards per card region 2048

Heap:
 garbage-first heap   total reserved 2027520K, committed 0K, used 0K [0x0000000084400000, 0x0000000100000000)
  region size 1024K, 0 young (0K), 0 survivors (0K)

[error occurred during error reporting (printing heap information), id 0xc0000005, EXCEPTION_ACCESS_VIOLATION (0xc0000005) at pc=0x00007ff94c16e429]
GC Heap History (0 events):
No events

Dll operation events (1 events):
Event: 0.013 Loaded shared library C:\Program Files\Java\jdk-22\bin\java.dll

Deoptimization events (0 events):
No events

Classes loaded (0 events):
No events

Classes unloaded (0 events):
No events

Classes redefined (0 events):
No events

Internal exceptions (0 events):
No events

ZGC Phase Switch (0 events):
No events

VM Operations (0 events):
No events

Events (0 events):
No events


Dynamic libraries:
0x00007ff7c0630000 - 0x00007ff7c0640000 	C:\Program Files\Java\jdk-22\bin\java.exe
0x00007ff9bc6f0000 - 0x00007ff9bc906000 	C:\Windows\SYSTEM32\ntdll.dll
0x00007ff9bb130000 - 0x00007ff9bb1f4000 	C:\Windows\System32\KERNEL32.DLL
0x00007ff9b9ad0000 - 0x00007ff9b9e77000 	C:\Windows\System32\KERNELBASE.dll
0x00007ff9b9f50000 - 0x00007ff9ba061000 	C:\Windows\System32\ucrtbase.dll
0x00007ff9ab650000 - 0x00007ff9ab66b000 	C:\Program Files\Java\jdk-22\bin\VCRUNTIME140.dll
0x00007ff9a3f50000 - 0x00007ff9a3f67000 	C:\Program Files\Java\jdk-22\bin\jli.dll
0x00007ff9bb200000 - 0x00007ff9bb2b2000 	C:\Windows\System32\ADVAPI32.dll
0x00007ff9bb080000 - 0x00007ff9bb127000 	C:\Windows\System32\msvcrt.dll
0x00007ff9ba6d0000 - 0x00007ff9ba778000 	C:\Windows\System32\sechost.dll
0x00007ff9ba1e0000 - 0x00007ff9ba208000 	C:\Windows\System32\bcrypt.dll
0x00007ff9ba500000 - 0x00007ff9ba615000 	C:\Windows\System32\RPCRT4.dll
0x00007ff9bb920000 - 0x00007ff9bbace000 	C:\Windows\System32\USER32.dll
0x00007ff9b9f20000 - 0x00007ff9b9f46000 	C:\Windows\System32\win32u.dll
0x00007ff9a9d30000 - 0x00007ff9a9fc3000 	C:\Windows\WinSxS\amd64_microsoft.windows.common-controls_6595b64144ccf1df_6.0.22621.3235_none_270f74e173860f98\COMCTL32.dll
0x00007ff9bc680000 - 0x00007ff9bc6a9000 	C:\Windows\System32\GDI32.dll
0x00007ff9ba210000 - 0x00007ff9ba329000 	C:\Windows\System32\gdi32full.dll
0x00007ff9b9e80000 - 0x00007ff9b9f1a000 	C:\Windows\System32\msvcp_win.dll
0x00007ff9a9570000 - 0x00007ff9a957a000 	C:\Windows\SYSTEM32\VERSION.dll
0x00007ff9ba680000 - 0x00007ff9ba6b1000 	C:\Windows\System32\IMM32.DLL
0x00007ff9b32e0000 - 0x00007ff9b32ec000 	C:\Program Files\Java\jdk-22\bin\vcruntime140_1.dll
0x00007ff9a0af0000 - 0x00007ff9a0b7e000 	C:\Program Files\Java\jdk-22\bin\msvcp140.dll
0x00007ff94ba30000 - 0x00007ff94c777000 	C:\Program Files\Java\jdk-22\bin\server\jvm.dll
0x00007ff9bc590000 - 0x00007ff9bc601000 	C:\Windows\System32\WS2_32.dll
0x00007ff9b98e0000 - 0x00007ff9b992d000 	C:\Windows\SYSTEM32\POWRPROF.dll
0x00007ff9aff90000 - 0x00007ff9affc4000 	C:\Windows\SYSTEM32\WINMM.dll
0x00007ff9b98c0000 - 0x00007ff9b98d3000 	C:\Windows\SYSTEM32\UMPDC.dll
0x00007ff9b8a20000 - 0x00007ff9b8a38000 	C:\Windows\SYSTEM32\kernel.appcore.dll
0x00007ff9b0da0000 - 0x00007ff9b0daa000 	C:\Program Files\Java\jdk-22\bin\jimage.dll
0x00007ff9b70f0000 - 0x00007ff9b7323000 	C:\Windows\SYSTEM32\DBGHELP.DLL
0x00007ff9ba880000 - 0x00007ff9bac08000 	C:\Windows\System32\combase.dll
0x00007ff9ba420000 - 0x00007ff9ba4f7000 	C:\Windows\System32\OLEAUT32.dll
0x00007ff99b490000 - 0x00007ff99b4c2000 	C:\Windows\SYSTEM32\dbgcore.DLL
0x00007ff9ba3a0000 - 0x00007ff9ba419000 	C:\Windows\System32\bcryptPrimitives.dll
0x00007ff9b0030000 - 0x00007ff9b003f000 	C:\Program Files\Java\jdk-22\bin\instrument.dll
0x00007ff9a3e40000 - 0x00007ff9a3e5e000 	C:\Program Files\Java\jdk-22\bin\java.dll
0x00007ff9bbbd0000 - 0x00007ff9bc42c000 	C:\Windows\System32\SHELL32.dll
0x00007ff9bae40000 - 0x00007ff9bafe5000 	C:\Windows\System32\ole32.dll

dbghelp: loaded successfully - version: 4.0.5 - missing functions: none
symbol engine: initialized successfully - sym options: 0x614 - pdb path: .;C:\Program Files\Java\jdk-22\bin;C:\Windows\SYSTEM32;C:\Windows\WinSxS\amd64_microsoft.windows.common-controls_6595b64144ccf1df_6.0.22621.3235_none_270f74e173860f98;C:\Program Files\Java\jdk-22\bin\server

VM Arguments:
jvm_args: -javaagent:C:\Program Files\JetBrains\IntelliJ IDEA Community Edition 2024.1.3\lib\idea_rt.jar=61064:C:\Program Files\JetBrains\IntelliJ IDEA Community Edition 2024.1.3\bin -Dfile.encoding=UTF-8 -Dsun.stdout.encoding=UTF-8 -Dsun.stderr.encoding=UTF-8 
java_command: Main
java_class_path (initial): C:\Users\Public\untitled\out\production\untitled
Launcher Type: SUN_STANDARD

[Global flags]
     intx CICompilerCount                          = 4                                         {product} {ergonomic}
     uint ConcGCThreads                            = 2                                         {product} {ergonomic}
     uint G1ConcRefinementThreads                  = 8                                         {product} {ergonomic}
   size_t G1HeapRegionSize                         = 1048576                                   {product} {ergonomic}
   size_t InitialHeapSize                          = 130023424                                 {product} {ergonomic}
   size_t MarkStackSize                            = 4194304                                   {product} {ergonomic}
   size_t MaxHeapSize                              = 2076180480                                {product} {ergonomic}
   size_t MinHeapDeltaBytes                        = 1048576                                   {product} {ergonomic}
   size_t MinHeapSize                              = 8388608                                   {product} {ergonomic}
    uintx NonNMethodCodeHeapSize                   = 5839372                                {pd product} {ergonomic}
    uintx NonProfiledCodeHeapSize                  = 122909434                              {pd product} {ergonomic}
    uintx ProfiledCodeHeapSize                     = 122909434                              {pd product} {ergonomic}
    uintx ReservedCodeCacheSize                    = 251658240                              {pd product} {ergonomic}
     bool SegmentedCodeCache                       = true                                      {product} {ergonomic}
   size_t SoftMaxHeapSize                          = 2076180480                             {manageable} {ergonomic}
     bool UseCompressedOops                        = true                           {product lp64_product} {ergonomic}
     bool UseG1GC                                  = true                                      {product} {ergonomic}
     bool UseLargePagesIndividualAllocation        = false                                  {pd product} {ergonomic}

Logging:
Log output configuration:
 #0: stdout all=warning uptime,level,tags foldmultilines=false
 #1: stderr all=off uptime,level,tags foldmultilines=false

Environment Variables:
PATH=C:\Program Files\Common Files\Oracle\Java\javapath;C:\Windows\system32;C:\Windows;C:\Windows\System32\Wbem;C:\Windows\System32\WindowsPowerShell\v1.0\;C:\Windows\System32\OpenSSH\;C:\Program Files\dotnet\;C:\Users\trapt\AppData\Local\Microsoft\WindowsApps;;C:\Users\trapt\AppData\Local\Programs\Microsoft VS Code\bin;C:\Program Files\JetBrains\IntelliJ IDEA Community Edition 2024.1.3\bin;
USERNAME=trapt
OS=Windows_NT
PROCESSOR_IDENTIFIER=Intel64 Family 6 Model 140 Stepping 1, GenuineIntel
TMP=C:\Users\trapt\AppData\Local\Temp
TEMP=C:\Users\trapt\AppData\Local\Temp




Periodic native trim disabled

---------------  S Y S T E M  ---------------

OS:
 Windows 11 , 64 bit Build 22621 (10.0.22621.3374)
OS uptime: 6 days 8:43 hours
Hyper-V role detected

CPU: total 8 (initial active 8) (4 cores per cpu, 2 threads per core) family 6 model 140 stepping 1 microcode 0xb4, cx8, cmov, fxsr, ht, mmx, 3dnowpref, sse, sse2, sse3, ssse3, sse4.1, sse4.2, popcnt, lzcnt, tsc, tscinvbit, avx, avx2, aes, erms, clmul, bmi1, bmi2, adx, avx512f, avx512dq, avx512cd, avx512bw, avx512vl, sha, fma, vzeroupper, avx512_vpopcntdq, avx512_vpclmulqdq, avx512_vaes, avx512_vnni, clflush, clflushopt, clwb, avx512_vbmi2, avx512_vbmi, hv, rdtscp, rdpid, fsrm, gfni, avx512_bitalg, f16c, cet_ibt, cet_ss, avx512_ifma
Processor Information for all 8 processors :
  Max Mhz: 2419, Current Mhz: 2419, Mhz Limit: 2419

Memory: 4k page, system-wide physical 7914M (1188M free)
TotalPageFile size 7914M (AvailPageFile size 99M)
current process WorkingSet (physical memory assigned to process): 12M, peak: 12M
current process commit charge ("private bytes"): 60M, peak: 184M

vm_info: Java HotSpot(TM) 64-Bit Server VM (22.0.1+8-16) for windows-amd64 JRE (22.0.1+8-16), built on 2024-03-12T10:33:16Z by "mach5one" with MS VC++ 17.6 (VS2022)

END.
